[debug] [2021-07-21T06:55:08.461Z] ----------------------------------------------------------------------
[debug] [2021-07-21T06:55:08.485Z] Command:       C:\Program Files\nodejs\node.exe C:\Users\Deepi\AppData\Roaming\npm\node_modules\firebase-tools\lib\bin\firebase.js emulators:start
[debug] [2021-07-21T06:55:08.486Z] CLI Version:   9.16.0
[debug] [2021-07-21T06:55:08.487Z] Platform:      win32
[debug] [2021-07-21T06:55:08.487Z] Node Version:  v14.16.1
[debug] [2021-07-21T06:55:08.606Z] Time:          Wed Jul 21 2021 12:25:08 GMT+0530 (India Standard Time)
[debug] [2021-07-21T06:55:08.607Z] ----------------------------------------------------------------------
[debug] 
[debug] [2021-07-21T06:55:08.811Z] > command requires scopes: ["email","openid","https://www.googleapis.com/auth/cloudplatformprojects.readonly","https://www.googleapis.com/auth/firebase","https://www.googleapis.com/auth/cloud-platform"]
[debug] [2021-07-21T06:55:08.812Z] > authorizing via signed-in user (adeepika78@gmail.com)
[info] i  emulators: Starting emulators: functions, hosting {"metadata":{"emulator":{"name":"hub"},"message":"Starting emulators: functions, hosting"}}
[debug] [2021-07-21T06:55:08.908Z] [hub] writing locator at C:\Users\Deepi\AppData\Local\Temp\hub-clone-a5e37.json
[warn] !  functions: The following emulators are not running, calls to these services from the Functions emulator will affect production: auth, firestore, database, pubsub, storage {"metadata":{"emulator":{"name":"functions"},"message":"The following emulators are not running, calls to these services from the Functions emulator will affect production: \u001b[1mauth, firestore, database, pubsub, storage\u001b[22m"}}
[info] +  functions: Using node@14 from host. {"metadata":{"emulator":{"name":"functions"},"message":"Using node@14 from host."}}
[debug] [2021-07-21T06:55:09.492Z] defaultcredentials: writing to file C:\Users\Deepi\AppData\Roaming\firebase\adeepika78_gmail_com_application_default_credentials.json
[debug] [2021-07-21T06:55:09.527Z] Setting GAC to C:\Users\Deepi\AppData\Roaming\firebase\adeepika78_gmail_com_application_default_credentials.json {"metadata":{"emulator":{"name":"functions"},"message":"Setting GAC to C:\\Users\\Deepi\\AppData\\Roaming\\firebase\\adeepika78_gmail_com_application_default_credentials.json"}}
[debug] [2021-07-21T06:55:09.535Z] > refreshing access token with scopes: []
[debug] [2021-07-21T06:55:09.537Z] >>> HTTP REQUEST POST https://www.googleapis.com/oauth2/v3/token  
 <request body omitted>
[debug] [2021-07-21T06:55:09.837Z] <<< HTTP RESPONSE 200 {"pragma":"no-cache","date":"Wed, 21 Jul 2021 06:55:08 GMT","cache-control":"no-cache, no-store, max-age=0, must-revalidate","expires":"Mon, 01 Jan 1990 00:00:00 GMT","content-type":"application/json; charset=utf-8","vary":"X-Origin, Referer, Origin,Accept-Encoding","server":"scaffolding on HTTPServer2","x-xss-protection":"0","x-frame-options":"SAMEORIGIN","x-content-type-options":"nosniff","alt-svc":"h3=\":443\"; ma=2592000,h3-29=\":443\"; ma=2592000,h3-T051=\":443\"; ma=2592000,h3-Q050=\":443\"; ma=2592000,h3-Q046=\":443\"; ma=2592000,h3-Q043=\":443\"; ma=2592000,quic=\":443\"; ma=2592000; v=\"46,43\"","accept-ranges":"none","transfer-encoding":"chunked"}
[debug] [2021-07-21T06:55:09.939Z] >>> [apiv2][query] GET https://firebase.googleapis.com/v1beta1/projects/clone-a5e37/adminSdkConfig [none]
[debug] [2021-07-21T06:55:10.721Z] <<< [apiv2][status] GET https://firebase.googleapis.com/v1beta1/projects/clone-a5e37/adminSdkConfig 200
[debug] [2021-07-21T06:55:10.722Z] <<< [apiv2][body] GET https://firebase.googleapis.com/v1beta1/projects/clone-a5e37/adminSdkConfig {"projectId":"clone-a5e37","storageBucket":"clone-a5e37.appspot.com"}
[debug] [2021-07-21T06:55:10.767Z] >>> [apiv2][query] GET https://firebasehosting.googleapis.com/v1beta1/projects/clone-a5e37/sites 
[debug] [2021-07-21T06:55:12.487Z] <<< [apiv2][status] GET https://firebasehosting.googleapis.com/v1beta1/projects/clone-a5e37/sites 200
[debug] [2021-07-21T06:55:12.488Z] <<< [apiv2][body] GET https://firebasehosting.googleapis.com/v1beta1/projects/clone-a5e37/sites {"sites":[{"name":"projects/163272295205/sites/clone-a5e37","defaultUrl":"https://clone-a5e37.web.app","appId":"1:163272295205:web:8982929627ebbb843d50cc","type":"DEFAULT_SITE"}]}
[debug] [2021-07-21T06:55:12.489Z] >>> [apiv2][query] GET https://firebase.googleapis.com/v1beta1/projects/clone-a5e37/webApps/1:163272295205:web:8982929627ebbb843d50cc/config [none]
[debug] [2021-07-21T06:55:13.809Z] <<< [apiv2][status] GET https://firebase.googleapis.com/v1beta1/projects/clone-a5e37/webApps/1:163272295205:web:8982929627ebbb843d50cc/config 200
[debug] [2021-07-21T06:55:13.810Z] <<< [apiv2][body] GET https://firebase.googleapis.com/v1beta1/projects/clone-a5e37/webApps/1:163272295205:web:8982929627ebbb843d50cc/config {"projectId":"clone-a5e37","appId":"1:163272295205:web:8982929627ebbb843d50cc","storageBucket":"clone-a5e37.appspot.com","apiKey":"AIzaSyBN-Pp0zl9JtIOrvs6aTibhdipXmegGgTQ","authDomain":"clone-a5e37.firebaseapp.com","messagingSenderId":"163272295205","measurementId":"G-7JHJSCCT2R"}
[info] i  hosting: Serving hosting files from: build {"metadata":{"emulator":{"name":"hosting"},"message":"Serving hosting files from: \u001b[1mbuild\u001b[22m"}}
[info] +  hosting: Local server: http://localhost:5000 {"metadata":{"emulator":{"name":"hosting"},"message":"Local server: \u001b[4m\u001b[1mhttp://localhost:5000\u001b[22m\u001b[24m"}}
[debug] [2021-07-21T06:55:14.070Z] Ignoring unsupported arg: auto_download {"metadata":{"emulator":{"name":"ui"},"message":"Ignoring unsupported arg: auto_download"}}
[debug] [2021-07-21T06:55:14.071Z] Ignoring unsupported arg: port {"metadata":{"emulator":{"name":"ui"},"message":"Ignoring unsupported arg: port"}}
[debug] [2021-07-21T06:55:14.071Z] Starting Emulator UI with command {"binary":"node","args":["C:\\Users\\Deepi\\.cache\\firebase\\emulators\\ui-v1.6.0\\server.bundle.js"],"optionalArgs":[],"joinArgs":false} {"metadata":{"emulator":{"name":"ui"},"message":"Starting Emulator UI with command {\"binary\":\"node\",\"args\":[\"C:\\\\Users\\\\Deepi\\\\.cache\\\\firebase\\\\emulators\\\\ui-v1.6.0\\\\server.bundle.js\"],\"optionalArgs\":[],\"joinArgs\":false}"}}
[info] i  ui: Emulator UI logging to ui-debug.log {"metadata":{"emulator":{"name":"ui"},"message":"Emulator UI logging to \u001b[1mui-debug.log\u001b[22m"}}
[debug] [2021-07-21T06:55:14.310Z] Web / API server started at localhost:4000
 {"metadata":{"emulator":{"name":"ui"},"message":"Web / API server started at localhost:4000\n"}}
[info] i  functions: Watching "F:\amazon-app\functions" for Cloud Functions... {"metadata":{"emulator":{"name":"functions"},"message":"Watching \"F:\\amazon-app\\functions\" for Cloud Functions..."}}
[debug] [2021-07-21T06:55:14.458Z] [worker-pool] addWorker(~diagnostic~) {"metadata":{"emulator":{"name":"functions"},"message":"[worker-pool] addWorker(~diagnostic~)"}}
[debug] [2021-07-21T06:55:14.459Z] [worker-pool] Adding worker with key ~diagnostic~, total=1 {"metadata":{"emulator":{"name":"functions"},"message":"[worker-pool] Adding worker with key ~diagnostic~, total=1"}}
[debug] [2021-07-21T06:55:14.459Z] [worker-pool] submitWork(triggerId=) {"metadata":{"emulator":{"name":"functions"},"message":"[worker-pool] submitWork(triggerId=)"}}
[debug] [2021-07-21T06:55:14.460Z] [worker-~diagnostic~-05b38d3a-0bf6-4f69-aa40-6fc731fff144]: Assigning socketPath: \\?\pipe\F:\amazon-app\functions\9036 {"metadata":{"emulator":{"name":"functions"},"message":"[worker-~diagnostic~-05b38d3a-0bf6-4f69-aa40-6fc731fff144]: Assigning socketPath: \\\\?\\pipe\\F:\\amazon-app\\functions\\9036"}}
[debug] [2021-07-21T06:55:14.461Z] [worker-~diagnostic~-05b38d3a-0bf6-4f69-aa40-6fc731fff144]: BUSY {"metadata":{"emulator":{"name":"functions"},"message":"[worker-~diagnostic~-05b38d3a-0bf6-4f69-aa40-6fc731fff144]: BUSY"}}
[debug] [2021-07-21T06:55:14.841Z] [runtime-status] [9036] Functions runtime initialized. {"cwd":"F:\\amazon-app\\functions","node_version":"14.16.1"} {"metadata":{"emulator":{"name":"functions"},"message":"[runtime-status] [9036] Functions runtime initialized. {\"cwd\":\"F:\\\\amazon-app\\\\functions\",\"node_version\":\"14.16.1\"}"}}
[debug] [2021-07-21T06:55:14.842Z] [runtime-status] [9036] Disabled runtime features: undefined {"metadata":{"emulator":{"name":"functions"},"message":"[runtime-status] [9036] Disabled runtime features: undefined"}}
[debug] [2021-07-21T06:55:14.892Z] [runtime-status] [9036] Resolved module firebase-admin {"declared":true,"installed":true,"version":"9.11.0","resolution":"F:\\amazon-app\\functions\\node_modules\\firebase-admin\\lib\\index.js"} {"metadata":{"emulator":{"name":"functions"},"message":"[runtime-status] [9036] Resolved module firebase-admin {\"declared\":true,\"installed\":true,\"version\":\"9.11.0\",\"resolution\":\"F:\\\\amazon-app\\\\functions\\\\node_modules\\\\firebase-admin\\\\lib\\\\index.js\"}"}}
[debug] [2021-07-21T06:55:14.923Z] [runtime-status] [9036] Resolved module firebase-functions {"declared":true,"installed":true,"version":"3.14.1","resolution":"F:\\amazon-app\\functions\\node_modules\\firebase-functions\\lib\\index.js"} {"metadata":{"emulator":{"name":"functions"},"message":"[runtime-status] [9036] Resolved module firebase-functions {\"declared\":true,\"installed\":true,\"version\":\"3.14.1\",\"resolution\":\"F:\\\\amazon-app\\\\functions\\\\node_modules\\\\firebase-functions\\\\lib\\\\index.js\"}"}}
[debug] [2021-07-21T06:55:14.929Z] [runtime-status] [9036] Resolved module firebase-functions {"declared":true,"installed":true,"version":"3.14.1","resolution":"F:\\amazon-app\\functions\\node_modules\\firebase-functions\\lib\\index.js"} {"metadata":{"emulator":{"name":"functions"},"message":"[runtime-status] [9036] Resolved module firebase-functions {\"declared\":true,\"installed\":true,\"version\":\"3.14.1\",\"resolution\":\"F:\\\\amazon-app\\\\functions\\\\node_modules\\\\firebase-functions\\\\lib\\\\index.js\"}"}}
[debug] [2021-07-21T06:55:14.936Z] [runtime-status] [9036] Outgoing network have been stubbed. [{"name":"http","status":"mocked"},{"name":"http","status":"mocked"},{"name":"https","status":"mocked"},{"name":"https","status":"mocked"},{"name":"net","status":"mocked"}] {"metadata":{"emulator":{"name":"functions"},"message":"[runtime-status] [9036] Outgoing network have been stubbed. [{\"name\":\"http\",\"status\":\"mocked\"},{\"name\":\"http\",\"status\":\"mocked\"},{\"name\":\"https\",\"status\":\"mocked\"},{\"name\":\"https\",\"status\":\"mocked\"},{\"name\":\"net\",\"status\":\"mocked\"}]"}}
[debug] [2021-07-21T06:55:14.939Z] [runtime-status] [9036] Resolved module firebase-functions {"declared":true,"installed":true,"version":"3.14.1","resolution":"F:\\amazon-app\\functions\\node_modules\\firebase-functions\\lib\\index.js"} {"metadata":{"emulator":{"name":"functions"},"message":"[runtime-status] [9036] Resolved module firebase-functions {\"declared\":true,\"installed\":true,\"version\":\"3.14.1\",\"resolution\":\"F:\\\\amazon-app\\\\functions\\\\node_modules\\\\firebase-functions\\\\lib\\\\index.js\"}"}}
[debug] [2021-07-21T06:55:15.498Z] [runtime-status] [9036] Checked functions.config() {"config":{}} {"metadata":{"emulator":{"name":"functions"},"message":"[runtime-status] [9036] Checked functions.config() {\"config\":{}}"}}
[debug] [2021-07-21T06:55:15.499Z] [runtime-status] [9036] firebase-functions has been stubbed. {"functionsResolution":{"declared":true,"installed":true,"version":"3.14.1","resolution":"F:\\amazon-app\\functions\\node_modules\\firebase-functions\\lib\\index.js"}} {"metadata":{"emulator":{"name":"functions"},"message":"[runtime-status] [9036] firebase-functions has been stubbed. {\"functionsResolution\":{\"declared\":true,\"installed\":true,\"version\":\"3.14.1\",\"resolution\":\"F:\\\\amazon-app\\\\functions\\\\node_modules\\\\firebase-functions\\\\lib\\\\index.js\"}}"}}
[debug] [2021-07-21T06:55:15.501Z] [runtime-status] [9036] Resolved module firebase-functions {"declared":true,"installed":true,"version":"3.14.1","resolution":"F:\\amazon-app\\functions\\node_modules\\firebase-functions\\lib\\index.js"} {"metadata":{"emulator":{"name":"functions"},"message":"[runtime-status] [9036] Resolved module firebase-functions {\"declared\":true,\"installed\":true,\"version\":\"3.14.1\",\"resolution\":\"F:\\\\amazon-app\\\\functions\\\\node_modules\\\\firebase-functions\\\\lib\\\\index.js\"}"}}
[debug] [2021-07-21T06:55:15.506Z] [runtime-status] [9036] Resolved module firebase-admin {"declared":true,"installed":true,"version":"9.11.0","resolution":"F:\\amazon-app\\functions\\node_modules\\firebase-admin\\lib\\index.js"} {"metadata":{"emulator":{"name":"functions"},"message":"[runtime-status] [9036] Resolved module firebase-admin {\"declared\":true,\"installed\":true,\"version\":\"9.11.0\",\"resolution\":\"F:\\\\amazon-app\\\\functions\\\\node_modules\\\\firebase-admin\\\\lib\\\\index.js\"}"}}
[debug] [2021-07-21T06:55:15.508Z] [runtime-status] [9036] Resolved module firebase-functions {"declared":true,"installed":true,"version":"3.14.1","resolution":"F:\\amazon-app\\functions\\node_modules\\firebase-functions\\lib\\index.js"} {"metadata":{"emulator":{"name":"functions"},"message":"[runtime-status] [9036] Resolved module firebase-functions {\"declared\":true,\"installed\":true,\"version\":\"3.14.1\",\"resolution\":\"F:\\\\amazon-app\\\\functions\\\\node_modules\\\\firebase-functions\\\\lib\\\\index.js\"}"}}
[debug] [2021-07-21T06:55:15.509Z] [runtime-status] [9036] firebase-admin has been stubbed. {"adminResolution":{"declared":true,"installed":true,"version":"9.11.0","resolution":"F:\\amazon-app\\functions\\node_modules\\firebase-admin\\lib\\index.js"}} {"metadata":{"emulator":{"name":"functions"},"message":"[runtime-status] [9036] firebase-admin has been stubbed. {\"adminResolution\":{\"declared\":true,\"installed\":true,\"version\":\"9.11.0\",\"resolution\":\"F:\\\\amazon-app\\\\functions\\\\node_modules\\\\firebase-admin\\\\lib\\\\index.js\"}}"}}
[warn] !  F:\amazon-app\functions\index.js:25
    clientSecrete=paymentIntent.client_secrete
    ^^^^^^^^^^^^^^^^^^^^^^^^^^^^^^^^^^^^^^^^^^

SyntaxError: Invalid shorthand property initializer
    at wrapSafe (internal/modules/cjs/loader.js:979:16)
    at Module._compile (internal/modules/cjs/loader.js:1027:27)
    at Object.Module._extensions..js (internal/modules/cjs/loader.js:1092:10)
    at Module.load (internal/modules/cjs/loader.js:928:32)
    at Function.Module._load (internal/modules/cjs/loader.js:769:14)
    at Module.require (internal/modules/cjs/loader.js:952:19)
    at require (internal/modules/cjs/helpers.js:88:18)
    at initializeRuntime (C:\Users\Deepi\AppData\Roaming\npm\node_modules\firebase-tools\lib\emulator\functionsEmulatorRuntime.js:687:29)
    at processTicksAndRejections (internal/process/task_queues.js:93:5)
    at async handleMessage (C:\Users\Deepi\AppData\Roaming\npm\node_modules\firebase-tools\lib\emulator\functionsEmulatorRuntime.js:729:20) {"metadata":{"emulator":{"name":"functions"},"message":"F:\\amazon-app\\functions\\index.js:25\n    clientSecrete=paymentIntent.client_secrete\n    ^^^^^^^^^^^^^^^^^^^^^^^^^^^^^^^^^^^^^^^^^^\n\nSyntaxError: Invalid shorthand property initializer\n    at wrapSafe (internal/modules/cjs/loader.js:979:16)\n    at Module._compile (internal/modules/cjs/loader.js:1027:27)\n    at Object.Module._extensions..js (internal/modules/cjs/loader.js:1092:10)\n    at Module.load (internal/modules/cjs/loader.js:928:32)\n    at Function.Module._load (internal/modules/cjs/loader.js:769:14)\n    at Module.require (internal/modules/cjs/loader.js:952:19)\n    at require (internal/modules/cjs/helpers.js:88:18)\n    at initializeRuntime (C:\\Users\\Deepi\\AppData\\Roaming\\npm\\node_modules\\firebase-tools\\lib\\emulator\\functionsEmulatorRuntime.js:687:29)\n    at processTicksAndRejections (internal/process/task_queues.js:93:5)\n    at async handleMessage (C:\\Users\\Deepi\\AppData\\Roaming\\npm\\node_modules\\firebase-tools\\lib\\emulator\\functionsEmulatorRuntime.js:729:20)"}}
[warn] !  We were unable to load your functions code. (see above) {"metadata":{"emulator":{"name":"functions"}}}
[debug] [2021-07-21T06:55:15.710Z] [worker-~diagnostic~-05b38d3a-0bf6-4f69-aa40-6fc731fff144]: exited {"metadata":{"emulator":{"name":"functions"},"message":"[worker-~diagnostic~-05b38d3a-0bf6-4f69-aa40-6fc731fff144]: exited"}}
[debug] [2021-07-21T06:55:15.710Z] [worker-~diagnostic~-05b38d3a-0bf6-4f69-aa40-6fc731fff144]: FINISHED {"metadata":{"emulator":{"name":"functions"},"message":"[worker-~diagnostic~-05b38d3a-0bf6-4f69-aa40-6fc731fff144]: FINISHED"}}
[debug] [2021-07-21T08:36:15.627Z] File F:\amazon-app\functions\index.js changed, reloading triggers {"metadata":{"emulator":{"name":"functions"},"message":"File F:\\amazon-app\\functions\\index.js changed, reloading triggers"}}
[debug] [2021-07-21T08:36:16.645Z] [worker-pool] Cleaned up workers for ~diagnostic~: 1 --> 0 {"metadata":{"emulator":{"name":"functions"},"message":"[worker-pool] Cleaned up workers for ~diagnostic~: 1 --> 0"}}
[debug] [2021-07-21T08:36:16.722Z] [worker-pool] addWorker(~diagnostic~) {"metadata":{"emulator":{"name":"functions"},"message":"[worker-pool] addWorker(~diagnostic~)"}}
[debug] [2021-07-21T08:36:16.723Z] [worker-pool] Adding worker with key ~diagnostic~, total=1 {"metadata":{"emulator":{"name":"functions"},"message":"[worker-pool] Adding worker with key ~diagnostic~, total=1"}}
[debug] [2021-07-21T08:36:16.724Z] [worker-pool] submitWork(triggerId=) {"metadata":{"emulator":{"name":"functions"},"message":"[worker-pool] submitWork(triggerId=)"}}
[debug] [2021-07-21T08:36:16.762Z] [worker-~diagnostic~-6918eee9-f67b-46e7-84a3-3022f22a876f]: Assigning socketPath: \\?\pipe\F:\amazon-app\functions\11572 {"metadata":{"emulator":{"name":"functions"},"message":"[worker-~diagnostic~-6918eee9-f67b-46e7-84a3-3022f22a876f]: Assigning socketPath: \\\\?\\pipe\\F:\\amazon-app\\functions\\11572"}}
[debug] [2021-07-21T08:36:16.763Z] [worker-~diagnostic~-6918eee9-f67b-46e7-84a3-3022f22a876f]: BUSY {"metadata":{"emulator":{"name":"functions"},"message":"[worker-~diagnostic~-6918eee9-f67b-46e7-84a3-3022f22a876f]: BUSY"}}
[debug] [2021-07-21T08:36:19.874Z] [runtime-status] [11572] Functions runtime initialized. {"cwd":"F:\\amazon-app\\functions","node_version":"14.16.1"} {"metadata":{"emulator":{"name":"functions"},"message":"[runtime-status] [11572] Functions runtime initialized. {\"cwd\":\"F:\\\\amazon-app\\\\functions\",\"node_version\":\"14.16.1\"}"}}
[debug] [2021-07-21T08:36:19.887Z] [runtime-status] [11572] Disabled runtime features: undefined {"metadata":{"emulator":{"name":"functions"},"message":"[runtime-status] [11572] Disabled runtime features: undefined"}}
[debug] [2021-07-21T08:36:19.927Z] [runtime-status] [11572] Resolved module firebase-admin {"declared":true,"installed":true,"version":"9.11.0","resolution":"F:\\amazon-app\\functions\\node_modules\\firebase-admin\\lib\\index.js"} {"metadata":{"emulator":{"name":"functions"},"message":"[runtime-status] [11572] Resolved module firebase-admin {\"declared\":true,\"installed\":true,\"version\":\"9.11.0\",\"resolution\":\"F:\\\\amazon-app\\\\functions\\\\node_modules\\\\firebase-admin\\\\lib\\\\index.js\"}"}}
[debug] [2021-07-21T08:36:19.935Z] [runtime-status] [11572] Resolved module firebase-functions {"declared":true,"installed":true,"version":"3.14.1","resolution":"F:\\amazon-app\\functions\\node_modules\\firebase-functions\\lib\\index.js"} {"metadata":{"emulator":{"name":"functions"},"message":"[runtime-status] [11572] Resolved module firebase-functions {\"declared\":true,\"installed\":true,\"version\":\"3.14.1\",\"resolution\":\"F:\\\\amazon-app\\\\functions\\\\node_modules\\\\firebase-functions\\\\lib\\\\index.js\"}"}}
[debug] [2021-07-21T08:36:19.939Z] [runtime-status] [11572] Resolved module firebase-functions {"declared":true,"installed":true,"version":"3.14.1","resolution":"F:\\amazon-app\\functions\\node_modules\\firebase-functions\\lib\\index.js"} {"metadata":{"emulator":{"name":"functions"},"message":"[runtime-status] [11572] Resolved module firebase-functions {\"declared\":true,\"installed\":true,\"version\":\"3.14.1\",\"resolution\":\"F:\\\\amazon-app\\\\functions\\\\node_modules\\\\firebase-functions\\\\lib\\\\index.js\"}"}}
[debug] [2021-07-21T08:36:19.943Z] [runtime-status] [11572] Outgoing network have been stubbed. [{"name":"http","status":"mocked"},{"name":"http","status":"mocked"},{"name":"https","status":"mocked"},{"name":"https","status":"mocked"},{"name":"net","status":"mocked"}] {"metadata":{"emulator":{"name":"functions"},"message":"[runtime-status] [11572] Outgoing network have been stubbed. [{\"name\":\"http\",\"status\":\"mocked\"},{\"name\":\"http\",\"status\":\"mocked\"},{\"name\":\"https\",\"status\":\"mocked\"},{\"name\":\"https\",\"status\":\"mocked\"},{\"name\":\"net\",\"status\":\"mocked\"}]"}}
[debug] [2021-07-21T08:36:19.944Z] [runtime-status] [11572] Resolved module firebase-functions {"declared":true,"installed":true,"version":"3.14.1","resolution":"F:\\amazon-app\\functions\\node_modules\\firebase-functions\\lib\\index.js"} {"metadata":{"emulator":{"name":"functions"},"message":"[runtime-status] [11572] Resolved module firebase-functions {\"declared\":true,\"installed\":true,\"version\":\"3.14.1\",\"resolution\":\"F:\\\\amazon-app\\\\functions\\\\node_modules\\\\firebase-functions\\\\lib\\\\index.js\"}"}}
[debug] [2021-07-21T08:36:20.042Z] File F:\amazon-app\functions\index.js changed, reloading triggers {"metadata":{"emulator":{"name":"functions"},"message":"File F:\\amazon-app\\functions\\index.js changed, reloading triggers"}}
[debug] [2021-07-21T08:36:20.946Z] [runtime-status] [11572] Checked functions.config() {"config":{}} {"metadata":{"emulator":{"name":"functions"},"message":"[runtime-status] [11572] Checked functions.config() {\"config\":{}}"}}
[debug] [2021-07-21T08:36:20.947Z] [runtime-status] [11572] firebase-functions has been stubbed. {"functionsResolution":{"declared":true,"installed":true,"version":"3.14.1","resolution":"F:\\amazon-app\\functions\\node_modules\\firebase-functions\\lib\\index.js"}} {"metadata":{"emulator":{"name":"functions"},"message":"[runtime-status] [11572] firebase-functions has been stubbed. {\"functionsResolution\":{\"declared\":true,\"installed\":true,\"version\":\"3.14.1\",\"resolution\":\"F:\\\\amazon-app\\\\functions\\\\node_modules\\\\firebase-functions\\\\lib\\\\index.js\"}}"}}
[debug] [2021-07-21T08:36:20.947Z] [runtime-status] [11572] Resolved module firebase-functions {"declared":true,"installed":true,"version":"3.14.1","resolution":"F:\\amazon-app\\functions\\node_modules\\firebase-functions\\lib\\index.js"} {"metadata":{"emulator":{"name":"functions"},"message":"[runtime-status] [11572] Resolved module firebase-functions {\"declared\":true,\"installed\":true,\"version\":\"3.14.1\",\"resolution\":\"F:\\\\amazon-app\\\\functions\\\\node_modules\\\\firebase-functions\\\\lib\\\\index.js\"}"}}
[debug] [2021-07-21T08:36:20.950Z] [runtime-status] [11572] Resolved module firebase-admin {"declared":true,"installed":true,"version":"9.11.0","resolution":"F:\\amazon-app\\functions\\node_modules\\firebase-admin\\lib\\index.js"} {"metadata":{"emulator":{"name":"functions"},"message":"[runtime-status] [11572] Resolved module firebase-admin {\"declared\":true,\"installed\":true,\"version\":\"9.11.0\",\"resolution\":\"F:\\\\amazon-app\\\\functions\\\\node_modules\\\\firebase-admin\\\\lib\\\\index.js\"}"}}
[debug] [2021-07-21T08:36:20.951Z] [runtime-status] [11572] Resolved module firebase-functions {"declared":true,"installed":true,"version":"3.14.1","resolution":"F:\\amazon-app\\functions\\node_modules\\firebase-functions\\lib\\index.js"} {"metadata":{"emulator":{"name":"functions"},"message":"[runtime-status] [11572] Resolved module firebase-functions {\"declared\":true,\"installed\":true,\"version\":\"3.14.1\",\"resolution\":\"F:\\\\amazon-app\\\\functions\\\\node_modules\\\\firebase-functions\\\\lib\\\\index.js\"}"}}
[debug] [2021-07-21T08:36:20.952Z] [runtime-status] [11572] firebase-admin has been stubbed. {"adminResolution":{"declared":true,"installed":true,"version":"9.11.0","resolution":"F:\\amazon-app\\functions\\node_modules\\firebase-admin\\lib\\index.js"}} {"metadata":{"emulator":{"name":"functions"},"message":"[runtime-status] [11572] firebase-admin has been stubbed. {\"adminResolution\":{\"declared\":true,\"installed\":true,\"version\":\"9.11.0\",\"resolution\":\"F:\\\\amazon-app\\\\functions\\\\node_modules\\\\firebase-admin\\\\lib\\\\index.js\"}}"}}
[debug] [2021-07-21T08:36:21.045Z] [worker-pool] Marking BUSY worker to finish (~diagnostic~) {"metadata":{"emulator":{"name":"functions"},"message":"[worker-pool] Marking BUSY worker to finish (~diagnostic~)"}}
[debug] [2021-07-21T08:36:21.046Z] [worker-~diagnostic~-6918eee9-f67b-46e7-84a3-3022f22a876f]: FINISHING {"metadata":{"emulator":{"name":"functions"},"message":"[worker-~diagnostic~-6918eee9-f67b-46e7-84a3-3022f22a876f]: FINISHING"}}
[debug] [2021-07-21T08:36:21.105Z] [worker-pool] addWorker(~diagnostic~) {"metadata":{"emulator":{"name":"functions"},"message":"[worker-pool] addWorker(~diagnostic~)"}}
[debug] [2021-07-21T08:36:21.105Z] [worker-pool] Adding worker with key ~diagnostic~, total=2 {"metadata":{"emulator":{"name":"functions"},"message":"[worker-pool] Adding worker with key ~diagnostic~, total=2"}}
[debug] [2021-07-21T08:36:21.106Z] [worker-pool] submitWork(triggerId=) {"metadata":{"emulator":{"name":"functions"},"message":"[worker-pool] submitWork(triggerId=)"}}
[debug] [2021-07-21T08:36:21.106Z] [worker-~diagnostic~-994e446b-79a7-4f5a-9f37-1f9b6afa7289]: Assigning socketPath: \\?\pipe\F:\amazon-app\functions\7108 {"metadata":{"emulator":{"name":"functions"},"message":"[worker-~diagnostic~-994e446b-79a7-4f5a-9f37-1f9b6afa7289]: Assigning socketPath: \\\\?\\pipe\\F:\\amazon-app\\functions\\7108"}}
[debug] [2021-07-21T08:36:21.106Z] [worker-~diagnostic~-994e446b-79a7-4f5a-9f37-1f9b6afa7289]: BUSY {"metadata":{"emulator":{"name":"functions"},"message":"[worker-~diagnostic~-994e446b-79a7-4f5a-9f37-1f9b6afa7289]: BUSY"}}
[warn] !  F:\amazon-app\functions\index.js:25
    clientSecrete=paymentIntent.client-secrete
    ^^^^^^^^^^^^^^^^^^^^^^^^^^^^^^^^^^^^^^^^^^

SyntaxError: Invalid shorthand property initializer
    at wrapSafe (internal/modules/cjs/loader.js:979:16)
    at Module._compile (internal/modules/cjs/loader.js:1027:27)
    at Object.Module._extensions..js (internal/modules/cjs/loader.js:1092:10)
    at Module.load (internal/modules/cjs/loader.js:928:32)
    at Function.Module._load (internal/modules/cjs/loader.js:769:14)
    at Module.require (internal/modules/cjs/loader.js:952:19)
    at require (internal/modules/cjs/helpers.js:88:18)
    at initializeRuntime (C:\Users\Deepi\AppData\Roaming\npm\node_modules\firebase-tools\lib\emulator\functionsEmulatorRuntime.js:687:29)
    at processTicksAndRejections (internal/process/task_queues.js:93:5)
    at async handleMessage (C:\Users\Deepi\AppData\Roaming\npm\node_modules\firebase-tools\lib\emulator\functionsEmulatorRuntime.js:729:20) {"metadata":{"emulator":{"name":"functions"},"message":"F:\\amazon-app\\functions\\index.js:25\n    clientSecrete=paymentIntent.client-secrete\n    ^^^^^^^^^^^^^^^^^^^^^^^^^^^^^^^^^^^^^^^^^^\n\nSyntaxError: Invalid shorthand property initializer\n    at wrapSafe (internal/modules/cjs/loader.js:979:16)\n    at Module._compile (internal/modules/cjs/loader.js:1027:27)\n    at Object.Module._extensions..js (internal/modules/cjs/loader.js:1092:10)\n    at Module.load (internal/modules/cjs/loader.js:928:32)\n    at Function.Module._load (internal/modules/cjs/loader.js:769:14)\n    at Module.require (internal/modules/cjs/loader.js:952:19)\n    at require (internal/modules/cjs/helpers.js:88:18)\n    at initializeRuntime (C:\\Users\\Deepi\\AppData\\Roaming\\npm\\node_modules\\firebase-tools\\lib\\emulator\\functionsEmulatorRuntime.js:687:29)\n    at processTicksAndRejections (internal/process/task_queues.js:93:5)\n    at async handleMessage (C:\\Users\\Deepi\\AppData\\Roaming\\npm\\node_modules\\firebase-tools\\lib\\emulator\\functionsEmulatorRuntime.js:729:20)"}}
[warn] !  We were unable to load your functions code. (see above) {"metadata":{"emulator":{"name":"functions"}}}
[debug] [2021-07-21T08:36:21.218Z] [worker-~diagnostic~-6918eee9-f67b-46e7-84a3-3022f22a876f]: exited {"metadata":{"emulator":{"name":"functions"},"message":"[worker-~diagnostic~-6918eee9-f67b-46e7-84a3-3022f22a876f]: exited"}}
[debug] [2021-07-21T08:36:21.218Z] [worker-~diagnostic~-6918eee9-f67b-46e7-84a3-3022f22a876f]: FINISHED {"metadata":{"emulator":{"name":"functions"},"message":"[worker-~diagnostic~-6918eee9-f67b-46e7-84a3-3022f22a876f]: FINISHED"}}
[debug] [2021-07-21T08:36:21.773Z] [runtime-status] [7108] Functions runtime initialized. {"cwd":"F:\\amazon-app\\functions","node_version":"14.16.1"} {"metadata":{"emulator":{"name":"functions"},"message":"[runtime-status] [7108] Functions runtime initialized. {\"cwd\":\"F:\\\\amazon-app\\\\functions\",\"node_version\":\"14.16.1\"}"}}
[debug] [2021-07-21T08:36:21.779Z] [runtime-status] [7108] Disabled runtime features: undefined {"metadata":{"emulator":{"name":"functions"},"message":"[runtime-status] [7108] Disabled runtime features: undefined"}}
[debug] [2021-07-21T08:36:21.792Z] [runtime-status] [7108] Resolved module firebase-admin {"declared":true,"installed":true,"version":"9.11.0","resolution":"F:\\amazon-app\\functions\\node_modules\\firebase-admin\\lib\\index.js"} {"metadata":{"emulator":{"name":"functions"},"message":"[runtime-status] [7108] Resolved module firebase-admin {\"declared\":true,\"installed\":true,\"version\":\"9.11.0\",\"resolution\":\"F:\\\\amazon-app\\\\functions\\\\node_modules\\\\firebase-admin\\\\lib\\\\index.js\"}"}}
[debug] [2021-07-21T08:36:21.797Z] [runtime-status] [7108] Resolved module firebase-functions {"declared":true,"installed":true,"version":"3.14.1","resolution":"F:\\amazon-app\\functions\\node_modules\\firebase-functions\\lib\\index.js"} {"metadata":{"emulator":{"name":"functions"},"message":"[runtime-status] [7108] Resolved module firebase-functions {\"declared\":true,\"installed\":true,\"version\":\"3.14.1\",\"resolution\":\"F:\\\\amazon-app\\\\functions\\\\node_modules\\\\firebase-functions\\\\lib\\\\index.js\"}"}}
[debug] [2021-07-21T08:36:21.807Z] [runtime-status] [7108] Resolved module firebase-functions {"declared":true,"installed":true,"version":"3.14.1","resolution":"F:\\amazon-app\\functions\\node_modules\\firebase-functions\\lib\\index.js"} {"metadata":{"emulator":{"name":"functions"},"message":"[runtime-status] [7108] Resolved module firebase-functions {\"declared\":true,\"installed\":true,\"version\":\"3.14.1\",\"resolution\":\"F:\\\\amazon-app\\\\functions\\\\node_modules\\\\firebase-functions\\\\lib\\\\index.js\"}"}}
[debug] [2021-07-21T08:36:21.812Z] [runtime-status] [7108] Outgoing network have been stubbed. [{"name":"http","status":"mocked"},{"name":"http","status":"mocked"},{"name":"https","status":"mocked"},{"name":"https","status":"mocked"},{"name":"net","status":"mocked"}] {"metadata":{"emulator":{"name":"functions"},"message":"[runtime-status] [7108] Outgoing network have been stubbed. [{\"name\":\"http\",\"status\":\"mocked\"},{\"name\":\"http\",\"status\":\"mocked\"},{\"name\":\"https\",\"status\":\"mocked\"},{\"name\":\"https\",\"status\":\"mocked\"},{\"name\":\"net\",\"status\":\"mocked\"}]"}}
[debug] [2021-07-21T08:36:21.814Z] [runtime-status] [7108] Resolved module firebase-functions {"declared":true,"installed":true,"version":"3.14.1","resolution":"F:\\amazon-app\\functions\\node_modules\\firebase-functions\\lib\\index.js"} {"metadata":{"emulator":{"name":"functions"},"message":"[runtime-status] [7108] Resolved module firebase-functions {\"declared\":true,\"installed\":true,\"version\":\"3.14.1\",\"resolution\":\"F:\\\\amazon-app\\\\functions\\\\node_modules\\\\firebase-functions\\\\lib\\\\index.js\"}"}}
[debug] [2021-07-21T08:36:21.919Z] [runtime-status] [7108] Checked functions.config() {"config":{}} {"metadata":{"emulator":{"name":"functions"},"message":"[runtime-status] [7108] Checked functions.config() {\"config\":{}}"}}
[debug] [2021-07-21T08:36:21.919Z] [runtime-status] [7108] firebase-functions has been stubbed. {"functionsResolution":{"declared":true,"installed":true,"version":"3.14.1","resolution":"F:\\amazon-app\\functions\\node_modules\\firebase-functions\\lib\\index.js"}} {"metadata":{"emulator":{"name":"functions"},"message":"[runtime-status] [7108] firebase-functions has been stubbed. {\"functionsResolution\":{\"declared\":true,\"installed\":true,\"version\":\"3.14.1\",\"resolution\":\"F:\\\\amazon-app\\\\functions\\\\node_modules\\\\firebase-functions\\\\lib\\\\index.js\"}}"}}
[debug] [2021-07-21T08:36:21.921Z] [runtime-status] [7108] Resolved module firebase-functions {"declared":true,"installed":true,"version":"3.14.1","resolution":"F:\\amazon-app\\functions\\node_modules\\firebase-functions\\lib\\index.js"} {"metadata":{"emulator":{"name":"functions"},"message":"[runtime-status] [7108] Resolved module firebase-functions {\"declared\":true,\"installed\":true,\"version\":\"3.14.1\",\"resolution\":\"F:\\\\amazon-app\\\\functions\\\\node_modules\\\\firebase-functions\\\\lib\\\\index.js\"}"}}
[debug] [2021-07-21T08:36:21.924Z] [runtime-status] [7108] Resolved module firebase-admin {"declared":true,"installed":true,"version":"9.11.0","resolution":"F:\\amazon-app\\functions\\node_modules\\firebase-admin\\lib\\index.js"} {"metadata":{"emulator":{"name":"functions"},"message":"[runtime-status] [7108] Resolved module firebase-admin {\"declared\":true,\"installed\":true,\"version\":\"9.11.0\",\"resolution\":\"F:\\\\amazon-app\\\\functions\\\\node_modules\\\\firebase-admin\\\\lib\\\\index.js\"}"}}
[debug] [2021-07-21T08:36:21.926Z] [runtime-status] [7108] Resolved module firebase-functions {"declared":true,"installed":true,"version":"3.14.1","resolution":"F:\\amazon-app\\functions\\node_modules\\firebase-functions\\lib\\index.js"} {"metadata":{"emulator":{"name":"functions"},"message":"[runtime-status] [7108] Resolved module firebase-functions {\"declared\":true,\"installed\":true,\"version\":\"3.14.1\",\"resolution\":\"F:\\\\amazon-app\\\\functions\\\\node_modules\\\\firebase-functions\\\\lib\\\\index.js\"}"}}
[debug] [2021-07-21T08:36:21.926Z] [runtime-status] [7108] firebase-admin has been stubbed. {"adminResolution":{"declared":true,"installed":true,"version":"9.11.0","resolution":"F:\\amazon-app\\functions\\node_modules\\firebase-admin\\lib\\index.js"}} {"metadata":{"emulator":{"name":"functions"},"message":"[runtime-status] [7108] firebase-admin has been stubbed. {\"adminResolution\":{\"declared\":true,\"installed\":true,\"version\":\"9.11.0\",\"resolution\":\"F:\\\\amazon-app\\\\functions\\\\node_modules\\\\firebase-admin\\\\lib\\\\index.js\"}}"}}
[warn] !  F:\amazon-app\functions\index.js:25
    clientSecrete=paymentIntent.client-secrete
    ^^^^^^^^^^^^^^^^^^^^^^^^^^^^^^^^^^^^^^^^^^

SyntaxError: Invalid shorthand property initializer
    at wrapSafe (internal/modules/cjs/loader.js:979:16)
    at Module._compile (internal/modules/cjs/loader.js:1027:27)
    at Object.Module._extensions..js (internal/modules/cjs/loader.js:1092:10)
    at Module.load (internal/modules/cjs/loader.js:928:32)
    at Function.Module._load (internal/modules/cjs/loader.js:769:14)
    at Module.require (internal/modules/cjs/loader.js:952:19)
    at require (internal/modules/cjs/helpers.js:88:18)
    at initializeRuntime (C:\Users\Deepi\AppData\Roaming\npm\node_modules\firebase-tools\lib\emulator\functionsEmulatorRuntime.js:687:29)
    at processTicksAndRejections (internal/process/task_queues.js:93:5)
    at async handleMessage (C:\Users\Deepi\AppData\Roaming\npm\node_modules\firebase-tools\lib\emulator\functionsEmulatorRuntime.js:729:20) {"metadata":{"emulator":{"name":"functions"},"message":"F:\\amazon-app\\functions\\index.js:25\n    clientSecrete=paymentIntent.client-secrete\n    ^^^^^^^^^^^^^^^^^^^^^^^^^^^^^^^^^^^^^^^^^^\n\nSyntaxError: Invalid shorthand property initializer\n    at wrapSafe (internal/modules/cjs/loader.js:979:16)\n    at Module._compile (internal/modules/cjs/loader.js:1027:27)\n    at Object.Module._extensions..js (internal/modules/cjs/loader.js:1092:10)\n    at Module.load (internal/modules/cjs/loader.js:928:32)\n    at Function.Module._load (internal/modules/cjs/loader.js:769:14)\n    at Module.require (internal/modules/cjs/loader.js:952:19)\n    at require (internal/modules/cjs/helpers.js:88:18)\n    at initializeRuntime (C:\\Users\\Deepi\\AppData\\Roaming\\npm\\node_modules\\firebase-tools\\lib\\emulator\\functionsEmulatorRuntime.js:687:29)\n    at processTicksAndRejections (internal/process/task_queues.js:93:5)\n    at async handleMessage (C:\\Users\\Deepi\\AppData\\Roaming\\npm\\node_modules\\firebase-tools\\lib\\emulator\\functionsEmulatorRuntime.js:729:20)"}}
[warn] !  We were unable to load your functions code. (see above) {"metadata":{"emulator":{"name":"functions"}}}
[debug] [2021-07-21T08:36:21.988Z] [worker-~diagnostic~-994e446b-79a7-4f5a-9f37-1f9b6afa7289]: exited {"metadata":{"emulator":{"name":"functions"},"message":"[worker-~diagnostic~-994e446b-79a7-4f5a-9f37-1f9b6afa7289]: exited"}}
[debug] [2021-07-21T08:36:21.988Z] [worker-~diagnostic~-994e446b-79a7-4f5a-9f37-1f9b6afa7289]: FINISHED {"metadata":{"emulator":{"name":"functions"},"message":"[worker-~diagnostic~-994e446b-79a7-4f5a-9f37-1f9b6afa7289]: FINISHED"}}
[debug] [2021-07-21T08:37:20.339Z] File F:\amazon-app\functions\index.js changed, reloading triggers {"metadata":{"emulator":{"name":"functions"},"message":"File F:\\amazon-app\\functions\\index.js changed, reloading triggers"}}
[debug] [2021-07-21T08:37:21.354Z] [worker-pool] Cleaned up workers for ~diagnostic~: 2 --> 0 {"metadata":{"emulator":{"name":"functions"},"message":"[worker-pool] Cleaned up workers for ~diagnostic~: 2 --> 0"}}
[debug] [2021-07-21T08:37:21.369Z] [worker-pool] addWorker(~diagnostic~) {"metadata":{"emulator":{"name":"functions"},"message":"[worker-pool] addWorker(~diagnostic~)"}}
[debug] [2021-07-21T08:37:21.370Z] [worker-pool] Adding worker with key ~diagnostic~, total=1 {"metadata":{"emulator":{"name":"functions"},"message":"[worker-pool] Adding worker with key ~diagnostic~, total=1"}}
[debug] [2021-07-21T08:37:21.371Z] [worker-pool] submitWork(triggerId=) {"metadata":{"emulator":{"name":"functions"},"message":"[worker-pool] submitWork(triggerId=)"}}
[debug] [2021-07-21T08:37:21.371Z] [worker-~diagnostic~-9532a420-34ce-46d5-8237-ec0651322074]: Assigning socketPath: \\?\pipe\F:\amazon-app\functions\12260 {"metadata":{"emulator":{"name":"functions"},"message":"[worker-~diagnostic~-9532a420-34ce-46d5-8237-ec0651322074]: Assigning socketPath: \\\\?\\pipe\\F:\\amazon-app\\functions\\12260"}}
[debug] [2021-07-21T08:37:21.372Z] [worker-~diagnostic~-9532a420-34ce-46d5-8237-ec0651322074]: BUSY {"metadata":{"emulator":{"name":"functions"},"message":"[worker-~diagnostic~-9532a420-34ce-46d5-8237-ec0651322074]: BUSY"}}
[debug] [2021-07-21T08:37:21.850Z] [runtime-status] [12260] Functions runtime initialized. {"cwd":"F:\\amazon-app\\functions","node_version":"14.16.1"} {"metadata":{"emulator":{"name":"functions"},"message":"[runtime-status] [12260] Functions runtime initialized. {\"cwd\":\"F:\\\\amazon-app\\\\functions\",\"node_version\":\"14.16.1\"}"}}
[debug] [2021-07-21T08:37:21.856Z] [runtime-status] [12260] Disabled runtime features: undefined {"metadata":{"emulator":{"name":"functions"},"message":"[runtime-status] [12260] Disabled runtime features: undefined"}}
[debug] [2021-07-21T08:37:21.861Z] [runtime-status] [12260] Resolved module firebase-admin {"declared":true,"installed":true,"version":"9.11.0","resolution":"F:\\amazon-app\\functions\\node_modules\\firebase-admin\\lib\\index.js"} {"metadata":{"emulator":{"name":"functions"},"message":"[runtime-status] [12260] Resolved module firebase-admin {\"declared\":true,\"installed\":true,\"version\":\"9.11.0\",\"resolution\":\"F:\\\\amazon-app\\\\functions\\\\node_modules\\\\firebase-admin\\\\lib\\\\index.js\"}"}}
[debug] [2021-07-21T08:37:21.864Z] [runtime-status] [12260] Resolved module firebase-functions {"declared":true,"installed":true,"version":"3.14.1","resolution":"F:\\amazon-app\\functions\\node_modules\\firebase-functions\\lib\\index.js"} {"metadata":{"emulator":{"name":"functions"},"message":"[runtime-status] [12260] Resolved module firebase-functions {\"declared\":true,\"installed\":true,\"version\":\"3.14.1\",\"resolution\":\"F:\\\\amazon-app\\\\functions\\\\node_modules\\\\firebase-functions\\\\lib\\\\index.js\"}"}}
[debug] [2021-07-21T08:37:21.868Z] [runtime-status] [12260] Resolved module firebase-functions {"declared":true,"installed":true,"version":"3.14.1","resolution":"F:\\amazon-app\\functions\\node_modules\\firebase-functions\\lib\\index.js"} {"metadata":{"emulator":{"name":"functions"},"message":"[runtime-status] [12260] Resolved module firebase-functions {\"declared\":true,\"installed\":true,\"version\":\"3.14.1\",\"resolution\":\"F:\\\\amazon-app\\\\functions\\\\node_modules\\\\firebase-functions\\\\lib\\\\index.js\"}"}}
[debug] [2021-07-21T08:37:21.872Z] [runtime-status] [12260] Outgoing network have been stubbed. [{"name":"http","status":"mocked"},{"name":"http","status":"mocked"},{"name":"https","status":"mocked"},{"name":"https","status":"mocked"},{"name":"net","status":"mocked"}] {"metadata":{"emulator":{"name":"functions"},"message":"[runtime-status] [12260] Outgoing network have been stubbed. [{\"name\":\"http\",\"status\":\"mocked\"},{\"name\":\"http\",\"status\":\"mocked\"},{\"name\":\"https\",\"status\":\"mocked\"},{\"name\":\"https\",\"status\":\"mocked\"},{\"name\":\"net\",\"status\":\"mocked\"}]"}}
[debug] [2021-07-21T08:37:21.873Z] [runtime-status] [12260] Resolved module firebase-functions {"declared":true,"installed":true,"version":"3.14.1","resolution":"F:\\amazon-app\\functions\\node_modules\\firebase-functions\\lib\\index.js"} {"metadata":{"emulator":{"name":"functions"},"message":"[runtime-status] [12260] Resolved module firebase-functions {\"declared\":true,\"installed\":true,\"version\":\"3.14.1\",\"resolution\":\"F:\\\\amazon-app\\\\functions\\\\node_modules\\\\firebase-functions\\\\lib\\\\index.js\"}"}}
[debug] [2021-07-21T08:37:21.969Z] [runtime-status] [12260] Checked functions.config() {"config":{}} {"metadata":{"emulator":{"name":"functions"},"message":"[runtime-status] [12260] Checked functions.config() {\"config\":{}}"}}
[debug] [2021-07-21T08:37:21.970Z] [runtime-status] [12260] firebase-functions has been stubbed. {"functionsResolution":{"declared":true,"installed":true,"version":"3.14.1","resolution":"F:\\amazon-app\\functions\\node_modules\\firebase-functions\\lib\\index.js"}} {"metadata":{"emulator":{"name":"functions"},"message":"[runtime-status] [12260] firebase-functions has been stubbed. {\"functionsResolution\":{\"declared\":true,\"installed\":true,\"version\":\"3.14.1\",\"resolution\":\"F:\\\\amazon-app\\\\functions\\\\node_modules\\\\firebase-functions\\\\lib\\\\index.js\"}}"}}
[debug] [2021-07-21T08:37:21.971Z] [runtime-status] [12260] Resolved module firebase-functions {"declared":true,"installed":true,"version":"3.14.1","resolution":"F:\\amazon-app\\functions\\node_modules\\firebase-functions\\lib\\index.js"} {"metadata":{"emulator":{"name":"functions"},"message":"[runtime-status] [12260] Resolved module firebase-functions {\"declared\":true,\"installed\":true,\"version\":\"3.14.1\",\"resolution\":\"F:\\\\amazon-app\\\\functions\\\\node_modules\\\\firebase-functions\\\\lib\\\\index.js\"}"}}
[debug] [2021-07-21T08:37:21.972Z] [runtime-status] [12260] Resolved module firebase-admin {"declared":true,"installed":true,"version":"9.11.0","resolution":"F:\\amazon-app\\functions\\node_modules\\firebase-admin\\lib\\index.js"} {"metadata":{"emulator":{"name":"functions"},"message":"[runtime-status] [12260] Resolved module firebase-admin {\"declared\":true,\"installed\":true,\"version\":\"9.11.0\",\"resolution\":\"F:\\\\amazon-app\\\\functions\\\\node_modules\\\\firebase-admin\\\\lib\\\\index.js\"}"}}
[debug] [2021-07-21T08:37:21.973Z] [runtime-status] [12260] Resolved module firebase-functions {"declared":true,"installed":true,"version":"3.14.1","resolution":"F:\\amazon-app\\functions\\node_modules\\firebase-functions\\lib\\index.js"} {"metadata":{"emulator":{"name":"functions"},"message":"[runtime-status] [12260] Resolved module firebase-functions {\"declared\":true,\"installed\":true,\"version\":\"3.14.1\",\"resolution\":\"F:\\\\amazon-app\\\\functions\\\\node_modules\\\\firebase-functions\\\\lib\\\\index.js\"}"}}
[debug] [2021-07-21T08:37:21.974Z] [runtime-status] [12260] firebase-admin has been stubbed. {"adminResolution":{"declared":true,"installed":true,"version":"9.11.0","resolution":"F:\\amazon-app\\functions\\node_modules\\firebase-admin\\lib\\index.js"}} {"metadata":{"emulator":{"name":"functions"},"message":"[runtime-status] [12260] firebase-admin has been stubbed. {\"adminResolution\":{\"declared\":true,\"installed\":true,\"version\":\"9.11.0\",\"resolution\":\"F:\\\\amazon-app\\\\functions\\\\node_modules\\\\firebase-admin\\\\lib\\\\index.js\"}}"}}
[warn] !  F:\amazon-app\functions\index.js:25
    clientSecrete=paymentIntent.clientsecrete
    ^^^^^^^^^^^^^^^^^^^^^^^^^^^^^^^^^^^^^^^^^

SyntaxError: Invalid shorthand property initializer
    at wrapSafe (internal/modules/cjs/loader.js:979:16)
    at Module._compile (internal/modules/cjs/loader.js:1027:27)
    at Object.Module._extensions..js (internal/modules/cjs/loader.js:1092:10)
    at Module.load (internal/modules/cjs/loader.js:928:32)
    at Function.Module._load (internal/modules/cjs/loader.js:769:14)
    at Module.require (internal/modules/cjs/loader.js:952:19)
    at require (internal/modules/cjs/helpers.js:88:18)
    at initializeRuntime (C:\Users\Deepi\AppData\Roaming\npm\node_modules\firebase-tools\lib\emulator\functionsEmulatorRuntime.js:687:29)
    at processTicksAndRejections (internal/process/task_queues.js:93:5)
    at async handleMessage (C:\Users\Deepi\AppData\Roaming\npm\node_modules\firebase-tools\lib\emulator\functionsEmulatorRuntime.js:729:20) {"metadata":{"emulator":{"name":"functions"},"message":"F:\\amazon-app\\functions\\index.js:25\n    clientSecrete=paymentIntent.clientsecrete\n    ^^^^^^^^^^^^^^^^^^^^^^^^^^^^^^^^^^^^^^^^^\n\nSyntaxError: Invalid shorthand property initializer\n    at wrapSafe (internal/modules/cjs/loader.js:979:16)\n    at Module._compile (internal/modules/cjs/loader.js:1027:27)\n    at Object.Module._extensions..js (internal/modules/cjs/loader.js:1092:10)\n    at Module.load (internal/modules/cjs/loader.js:928:32)\n    at Function.Module._load (internal/modules/cjs/loader.js:769:14)\n    at Module.require (internal/modules/cjs/loader.js:952:19)\n    at require (internal/modules/cjs/helpers.js:88:18)\n    at initializeRuntime (C:\\Users\\Deepi\\AppData\\Roaming\\npm\\node_modules\\firebase-tools\\lib\\emulator\\functionsEmulatorRuntime.js:687:29)\n    at processTicksAndRejections (internal/process/task_queues.js:93:5)\n    at async handleMessage (C:\\Users\\Deepi\\AppData\\Roaming\\npm\\node_modules\\firebase-tools\\lib\\emulator\\functionsEmulatorRuntime.js:729:20)"}}
[warn] !  We were unable to load your functions code. (see above) {"metadata":{"emulator":{"name":"functions"}}}
[debug] [2021-07-21T08:37:22.031Z] [worker-~diagnostic~-9532a420-34ce-46d5-8237-ec0651322074]: exited {"metadata":{"emulator":{"name":"functions"},"message":"[worker-~diagnostic~-9532a420-34ce-46d5-8237-ec0651322074]: exited"}}
[debug] [2021-07-21T08:37:22.031Z] [worker-~diagnostic~-9532a420-34ce-46d5-8237-ec0651322074]: FINISHED {"metadata":{"emulator":{"name":"functions"},"message":"[worker-~diagnostic~-9532a420-34ce-46d5-8237-ec0651322074]: FINISHED"}}
[debug] [2021-07-21T08:39:31.388Z] File F:\amazon-app\functions\index.js changed, reloading triggers {"metadata":{"emulator":{"name":"functions"},"message":"File F:\\amazon-app\\functions\\index.js changed, reloading triggers"}}
[debug] [2021-07-21T08:39:32.398Z] [worker-pool] Cleaned up workers for ~diagnostic~: 1 --> 0 {"metadata":{"emulator":{"name":"functions"},"message":"[worker-pool] Cleaned up workers for ~diagnostic~: 1 --> 0"}}
[debug] [2021-07-21T08:39:32.412Z] [worker-pool] addWorker(~diagnostic~) {"metadata":{"emulator":{"name":"functions"},"message":"[worker-pool] addWorker(~diagnostic~)"}}
[debug] [2021-07-21T08:39:32.413Z] [worker-pool] Adding worker with key ~diagnostic~, total=1 {"metadata":{"emulator":{"name":"functions"},"message":"[worker-pool] Adding worker with key ~diagnostic~, total=1"}}
[debug] [2021-07-21T08:39:32.413Z] [worker-pool] submitWork(triggerId=) {"metadata":{"emulator":{"name":"functions"},"message":"[worker-pool] submitWork(triggerId=)"}}
[debug] [2021-07-21T08:39:32.414Z] [worker-~diagnostic~-a9ba9cee-691c-4d1e-8f1f-d1b0a33792b9]: Assigning socketPath: \\?\pipe\F:\amazon-app\functions\10504 {"metadata":{"emulator":{"name":"functions"},"message":"[worker-~diagnostic~-a9ba9cee-691c-4d1e-8f1f-d1b0a33792b9]: Assigning socketPath: \\\\?\\pipe\\F:\\amazon-app\\functions\\10504"}}
[debug] [2021-07-21T08:39:32.414Z] [worker-~diagnostic~-a9ba9cee-691c-4d1e-8f1f-d1b0a33792b9]: BUSY {"metadata":{"emulator":{"name":"functions"},"message":"[worker-~diagnostic~-a9ba9cee-691c-4d1e-8f1f-d1b0a33792b9]: BUSY"}}
[debug] [2021-07-21T08:39:32.822Z] [runtime-status] [10504] Functions runtime initialized. {"cwd":"F:\\amazon-app\\functions","node_version":"14.16.1"} {"metadata":{"emulator":{"name":"functions"},"message":"[runtime-status] [10504] Functions runtime initialized. {\"cwd\":\"F:\\\\amazon-app\\\\functions\",\"node_version\":\"14.16.1\"}"}}
[debug] [2021-07-21T08:39:32.827Z] [runtime-status] [10504] Disabled runtime features: undefined {"metadata":{"emulator":{"name":"functions"},"message":"[runtime-status] [10504] Disabled runtime features: undefined"}}
[debug] [2021-07-21T08:39:32.832Z] [runtime-status] [10504] Resolved module firebase-admin {"declared":true,"installed":true,"version":"9.11.0","resolution":"F:\\amazon-app\\functions\\node_modules\\firebase-admin\\lib\\index.js"} {"metadata":{"emulator":{"name":"functions"},"message":"[runtime-status] [10504] Resolved module firebase-admin {\"declared\":true,\"installed\":true,\"version\":\"9.11.0\",\"resolution\":\"F:\\\\amazon-app\\\\functions\\\\node_modules\\\\firebase-admin\\\\lib\\\\index.js\"}"}}
[debug] [2021-07-21T08:39:32.835Z] [runtime-status] [10504] Resolved module firebase-functions {"declared":true,"installed":true,"version":"3.14.1","resolution":"F:\\amazon-app\\functions\\node_modules\\firebase-functions\\lib\\index.js"} {"metadata":{"emulator":{"name":"functions"},"message":"[runtime-status] [10504] Resolved module firebase-functions {\"declared\":true,\"installed\":true,\"version\":\"3.14.1\",\"resolution\":\"F:\\\\amazon-app\\\\functions\\\\node_modules\\\\firebase-functions\\\\lib\\\\index.js\"}"}}
[debug] [2021-07-21T08:39:32.840Z] [runtime-status] [10504] Resolved module firebase-functions {"declared":true,"installed":true,"version":"3.14.1","resolution":"F:\\amazon-app\\functions\\node_modules\\firebase-functions\\lib\\index.js"} {"metadata":{"emulator":{"name":"functions"},"message":"[runtime-status] [10504] Resolved module firebase-functions {\"declared\":true,\"installed\":true,\"version\":\"3.14.1\",\"resolution\":\"F:\\\\amazon-app\\\\functions\\\\node_modules\\\\firebase-functions\\\\lib\\\\index.js\"}"}}
[debug] [2021-07-21T08:39:32.843Z] [runtime-status] [10504] Outgoing network have been stubbed. [{"name":"http","status":"mocked"},{"name":"http","status":"mocked"},{"name":"https","status":"mocked"},{"name":"https","status":"mocked"},{"name":"net","status":"mocked"}] {"metadata":{"emulator":{"name":"functions"},"message":"[runtime-status] [10504] Outgoing network have been stubbed. [{\"name\":\"http\",\"status\":\"mocked\"},{\"name\":\"http\",\"status\":\"mocked\"},{\"name\":\"https\",\"status\":\"mocked\"},{\"name\":\"https\",\"status\":\"mocked\"},{\"name\":\"net\",\"status\":\"mocked\"}]"}}
[debug] [2021-07-21T08:39:32.844Z] [runtime-status] [10504] Resolved module firebase-functions {"declared":true,"installed":true,"version":"3.14.1","resolution":"F:\\amazon-app\\functions\\node_modules\\firebase-functions\\lib\\index.js"} {"metadata":{"emulator":{"name":"functions"},"message":"[runtime-status] [10504] Resolved module firebase-functions {\"declared\":true,\"installed\":true,\"version\":\"3.14.1\",\"resolution\":\"F:\\\\amazon-app\\\\functions\\\\node_modules\\\\firebase-functions\\\\lib\\\\index.js\"}"}}
[debug] [2021-07-21T08:39:32.935Z] [runtime-status] [10504] Checked functions.config() {"config":{}} {"metadata":{"emulator":{"name":"functions"},"message":"[runtime-status] [10504] Checked functions.config() {\"config\":{}}"}}
[debug] [2021-07-21T08:39:32.936Z] [runtime-status] [10504] firebase-functions has been stubbed. {"functionsResolution":{"declared":true,"installed":true,"version":"3.14.1","resolution":"F:\\amazon-app\\functions\\node_modules\\firebase-functions\\lib\\index.js"}} {"metadata":{"emulator":{"name":"functions"},"message":"[runtime-status] [10504] firebase-functions has been stubbed. {\"functionsResolution\":{\"declared\":true,\"installed\":true,\"version\":\"3.14.1\",\"resolution\":\"F:\\\\amazon-app\\\\functions\\\\node_modules\\\\firebase-functions\\\\lib\\\\index.js\"}}"}}
[debug] [2021-07-21T08:39:32.938Z] [runtime-status] [10504] Resolved module firebase-functions {"declared":true,"installed":true,"version":"3.14.1","resolution":"F:\\amazon-app\\functions\\node_modules\\firebase-functions\\lib\\index.js"} {"metadata":{"emulator":{"name":"functions"},"message":"[runtime-status] [10504] Resolved module firebase-functions {\"declared\":true,\"installed\":true,\"version\":\"3.14.1\",\"resolution\":\"F:\\\\amazon-app\\\\functions\\\\node_modules\\\\firebase-functions\\\\lib\\\\index.js\"}"}}
[debug] [2021-07-21T08:39:32.940Z] [runtime-status] [10504] Resolved module firebase-admin {"declared":true,"installed":true,"version":"9.11.0","resolution":"F:\\amazon-app\\functions\\node_modules\\firebase-admin\\lib\\index.js"} {"metadata":{"emulator":{"name":"functions"},"message":"[runtime-status] [10504] Resolved module firebase-admin {\"declared\":true,\"installed\":true,\"version\":\"9.11.0\",\"resolution\":\"F:\\\\amazon-app\\\\functions\\\\node_modules\\\\firebase-admin\\\\lib\\\\index.js\"}"}}
[debug] [2021-07-21T08:39:32.941Z] [runtime-status] [10504] Resolved module firebase-functions {"declared":true,"installed":true,"version":"3.14.1","resolution":"F:\\amazon-app\\functions\\node_modules\\firebase-functions\\lib\\index.js"} {"metadata":{"emulator":{"name":"functions"},"message":"[runtime-status] [10504] Resolved module firebase-functions {\"declared\":true,\"installed\":true,\"version\":\"3.14.1\",\"resolution\":\"F:\\\\amazon-app\\\\functions\\\\node_modules\\\\firebase-functions\\\\lib\\\\index.js\"}"}}
[debug] [2021-07-21T08:39:32.942Z] [runtime-status] [10504] firebase-admin has been stubbed. {"adminResolution":{"declared":true,"installed":true,"version":"9.11.0","resolution":"F:\\amazon-app\\functions\\node_modules\\firebase-admin\\lib\\index.js"}} {"metadata":{"emulator":{"name":"functions"},"message":"[runtime-status] [10504] firebase-admin has been stubbed. {\"adminResolution\":{\"declared\":true,\"installed\":true,\"version\":\"9.11.0\",\"resolution\":\"F:\\\\amazon-app\\\\functions\\\\node_modules\\\\firebase-admin\\\\lib\\\\index.js\"}}"}}
[warn] !  F:\amazon-app\functions\index.js:25
    clientSecrete=paymentIntent.client_secrete
    ^^^^^^^^^^^^^^^^^^^^^^^^^^^^^^^^^^^^^^^^^^

SyntaxError: Invalid shorthand property initializer
    at wrapSafe (internal/modules/cjs/loader.js:979:16)
    at Module._compile (internal/modules/cjs/loader.js:1027:27)
    at Object.Module._extensions..js (internal/modules/cjs/loader.js:1092:10)
    at Module.load (internal/modules/cjs/loader.js:928:32)
    at Function.Module._load (internal/modules/cjs/loader.js:769:14)
    at Module.require (internal/modules/cjs/loader.js:952:19)
    at require (internal/modules/cjs/helpers.js:88:18)
    at initializeRuntime (C:\Users\Deepi\AppData\Roaming\npm\node_modules\firebase-tools\lib\emulator\functionsEmulatorRuntime.js:687:29)
    at processTicksAndRejections (internal/process/task_queues.js:93:5)
    at async handleMessage (C:\Users\Deepi\AppData\Roaming\npm\node_modules\firebase-tools\lib\emulator\functionsEmulatorRuntime.js:729:20) {"metadata":{"emulator":{"name":"functions"},"message":"F:\\amazon-app\\functions\\index.js:25\n    clientSecrete=paymentIntent.client_secrete\n    ^^^^^^^^^^^^^^^^^^^^^^^^^^^^^^^^^^^^^^^^^^\n\nSyntaxError: Invalid shorthand property initializer\n    at wrapSafe (internal/modules/cjs/loader.js:979:16)\n    at Module._compile (internal/modules/cjs/loader.js:1027:27)\n    at Object.Module._extensions..js (internal/modules/cjs/loader.js:1092:10)\n    at Module.load (internal/modules/cjs/loader.js:928:32)\n    at Function.Module._load (internal/modules/cjs/loader.js:769:14)\n    at Module.require (internal/modules/cjs/loader.js:952:19)\n    at require (internal/modules/cjs/helpers.js:88:18)\n    at initializeRuntime (C:\\Users\\Deepi\\AppData\\Roaming\\npm\\node_modules\\firebase-tools\\lib\\emulator\\functionsEmulatorRuntime.js:687:29)\n    at processTicksAndRejections (internal/process/task_queues.js:93:5)\n    at async handleMessage (C:\\Users\\Deepi\\AppData\\Roaming\\npm\\node_modules\\firebase-tools\\lib\\emulator\\functionsEmulatorRuntime.js:729:20)"}}
[warn] !  We were unable to load your functions code. (see above) {"metadata":{"emulator":{"name":"functions"}}}
[debug] [2021-07-21T08:39:32.993Z] [worker-~diagnostic~-a9ba9cee-691c-4d1e-8f1f-d1b0a33792b9]: exited {"metadata":{"emulator":{"name":"functions"},"message":"[worker-~diagnostic~-a9ba9cee-691c-4d1e-8f1f-d1b0a33792b9]: exited"}}
[debug] [2021-07-21T08:39:32.994Z] [worker-~diagnostic~-a9ba9cee-691c-4d1e-8f1f-d1b0a33792b9]: FINISHED {"metadata":{"emulator":{"name":"functions"},"message":"[worker-~diagnostic~-a9ba9cee-691c-4d1e-8f1f-d1b0a33792b9]: FINISHED"}}
[debug] [2021-07-21T08:46:31.922Z] Received signal SIGHUP 1
